<?xml version="1.0" encoding="UTF-8"?>
<testng-results ignored="0" total="2" passed="2" failed="0" skipped="0">
  <reporter-output>
  </reporter-output>
  <suite started-at="2024-04-17T20:37:16 IST" name="Default suite" finished-at="2024-04-17T20:40:25 IST" duration-ms="188810">
    <groups>
    </groups>
    <test started-at="2024-04-17T20:37:16 IST" name="Default test" finished-at="2024-04-17T20:40:25 IST" duration-ms="188810">
      <class name="externalFile.LearningDataProvider">
        <test-method signature="register([Ljava.lang.String;)[pri:0, instance:externalFile.LearningDataProvider@4145bad8]" started-at="2024-04-17T20:38:45 IST" name="register" data-provider="testdata" finished-at="2024-04-17T20:39:58 IST" duration-ms="72676" status="PASS">
          <params>
            <param index="0">
              <value>
                <![CDATA[[Ljava.lang.String;@a0db585]]>
              </value>
            </param>
          </params>
          <reporter-output>
          </reporter-output>
        </test-method> <!-- register -->
        <test-method signature="register([Ljava.lang.String;)[pri:0, instance:externalFile.LearningDataProvider@4145bad8]" started-at="2024-04-17T20:39:58 IST" name="register" data-provider="testdata" finished-at="2024-04-17T20:40:25 IST" duration-ms="26886" status="PASS">
          <params>
            <param index="0">
              <value>
                <![CDATA[[Ljava.lang.String;@7636823f]]>
              </value>
            </param>
          </params>
          <reporter-output>
          </reporter-output>
        </test-method> <!-- register -->
      </class> <!-- externalFile.LearningDataProvider -->
    </test> <!-- Default test -->
  </suite> <!-- Default suite -->
</testng-results>
